2023-04-12 11:45:06,271 INFO  Logger.cs: 70 - 
--------------------------------------------------------------------------------
2023-04-12 11:45:06,333 INFO  Logger.cs: 71 - Logging commencing for SW2URDF exporter
2023-04-12 11:45:06,334 INFO  Logger.cs: 73 - Commit version 1.5.1-0-g916b5db
2023-04-12 11:45:06,334 INFO  Logger.cs: 74 - Build version 1.5.7152.31018
2023-04-12 11:45:06,372 INFO  SwAddin.cs: 250 - Adding Assembly export to file menu
2023-04-12 11:45:06,373 INFO  SwAddin.cs: 253 - Adding Part export to file menu
2023-04-12 11:45:06,830 INFO  SwAddin.cs: 218 - Connecting plugin to SolidWorks
2023-04-12 13:13:36,959 INFO  SwAddin.cs: 271 - Assembly export called for file pickup_area.SLDASM
2023-04-12 13:13:40,344 INFO  SwAddin.cs: 290 - Saving assembly
2023-04-12 13:13:40,412 INFO  SwAddin.cs: 293 - Opening property manager
2023-04-12 13:13:40,439 INFO  ExportHelperExtension.cs: 1131 - Retrieving features of type [CoordSys] from pickup_area.SLDASM
2023-04-12 13:13:40,471 INFO  ExportHelperExtension.cs: 1142 - Found 37 in pickup_area.SLDASM
2023-04-12 13:13:40,472 INFO  ExportHelperExtension.cs: 1152 - Found 0 features of type [CoordSys] in pickup_area.SLDASM
2023-04-12 13:13:40,472 INFO  ExportHelperExtension.cs: 1155 - Proceeding through assembly components
2023-04-12 13:13:40,473 INFO  ExportHelperExtension.cs: 1167 - 8 components to check
2023-04-12 13:13:40,475 INFO  ExportHelperExtension.cs: 1131 - Retrieving features of type [CoordSys] from 檢選區盒子-2
2023-04-12 13:13:40,475 INFO  ExportHelperExtension.cs: 1142 - Found 27 in 檢選區盒子-2
2023-04-12 13:13:40,476 INFO  ExportHelperExtension.cs: 1152 - Found 0 features of type [CoordSys] in 檢選區盒子-2
2023-04-12 13:13:40,476 INFO  ExportHelperExtension.cs: 1131 - Retrieving features of type [CoordSys] from 檢選居底座-1
2023-04-12 13:13:40,477 INFO  ExportHelperExtension.cs: 1142 - Found 32 in 檢選居底座-1
2023-04-12 13:13:40,477 INFO  ExportHelperExtension.cs: 1152 - Found 0 features of type [CoordSys] in 檢選居底座-1
2023-04-12 13:13:40,478 INFO  ExportHelperExtension.cs: 1131 - Retrieving features of type [CoordSys] from 檢選區盒子-1
2023-04-12 13:13:40,478 INFO  ExportHelperExtension.cs: 1142 - Found 27 in 檢選區盒子-1
2023-04-12 13:13:40,478 INFO  ExportHelperExtension.cs: 1152 - Found 0 features of type [CoordSys] in 檢選區盒子-1
2023-04-12 13:13:40,479 INFO  ExportHelperExtension.cs: 1131 - Retrieving features of type [CoordSys] from 檢選區第二層3-1
2023-04-12 13:13:40,479 INFO  ExportHelperExtension.cs: 1142 - Found 31 in 檢選區第二層3-1
2023-04-12 13:13:40,480 INFO  ExportHelperExtension.cs: 1152 - Found 0 features of type [CoordSys] in 檢選區第二層3-1
2023-04-12 13:13:40,480 INFO  ExportHelperExtension.cs: 1131 - Retrieving features of type [CoordSys] from 檢選區盒子-6
2023-04-12 13:13:40,480 INFO  ExportHelperExtension.cs: 1142 - Found 27 in 檢選區盒子-6
2023-04-12 13:13:40,481 INFO  ExportHelperExtension.cs: 1152 - Found 0 features of type [CoordSys] in 檢選區盒子-6
2023-04-12 13:13:40,481 INFO  ExportHelperExtension.cs: 1131 - Retrieving features of type [CoordSys] from 檢選區盒子-4
2023-04-12 13:13:40,481 INFO  ExportHelperExtension.cs: 1142 - Found 27 in 檢選區盒子-4
2023-04-12 13:13:40,482 INFO  ExportHelperExtension.cs: 1152 - Found 0 features of type [CoordSys] in 檢選區盒子-4
2023-04-12 13:13:40,482 INFO  ExportHelperExtension.cs: 1131 - Retrieving features of type [CoordSys] from 檢選區盒子-3
2023-04-12 13:13:40,482 INFO  ExportHelperExtension.cs: 1142 - Found 27 in 檢選區盒子-3
2023-04-12 13:13:40,483 INFO  ExportHelperExtension.cs: 1152 - Found 0 features of type [CoordSys] in 檢選區盒子-3
2023-04-12 13:13:40,483 INFO  ExportHelperExtension.cs: 1131 - Retrieving features of type [CoordSys] from 檢選區盒子-5
2023-04-12 13:13:40,483 INFO  ExportHelperExtension.cs: 1142 - Found 27 in 檢選區盒子-5
2023-04-12 13:13:40,484 INFO  ExportHelperExtension.cs: 1152 - Found 0 features of type [CoordSys] in 檢選區盒子-5
2023-04-12 13:13:40,484 INFO  ExportHelperExtension.cs: 1131 - Retrieving features of type [RefAxis] from pickup_area.SLDASM
2023-04-12 13:13:40,484 INFO  ExportHelperExtension.cs: 1142 - Found 37 in pickup_area.SLDASM
2023-04-12 13:13:40,485 INFO  ExportHelperExtension.cs: 1152 - Found 0 features of type [RefAxis] in pickup_area.SLDASM
2023-04-12 13:13:40,485 INFO  ExportHelperExtension.cs: 1155 - Proceeding through assembly components
2023-04-12 13:13:40,485 INFO  ExportHelperExtension.cs: 1167 - 8 components to check
2023-04-12 13:13:40,486 INFO  ExportHelperExtension.cs: 1131 - Retrieving features of type [RefAxis] from 檢選區盒子-2
2023-04-12 13:13:40,486 INFO  ExportHelperExtension.cs: 1142 - Found 27 in 檢選區盒子-2
2023-04-12 13:13:40,486 INFO  ExportHelperExtension.cs: 1152 - Found 0 features of type [RefAxis] in 檢選區盒子-2
2023-04-12 13:13:40,487 INFO  ExportHelperExtension.cs: 1131 - Retrieving features of type [RefAxis] from 檢選居底座-1
2023-04-12 13:13:40,487 INFO  ExportHelperExtension.cs: 1142 - Found 32 in 檢選居底座-1
2023-04-12 13:13:40,487 INFO  ExportHelperExtension.cs: 1152 - Found 0 features of type [RefAxis] in 檢選居底座-1
2023-04-12 13:13:40,488 INFO  ExportHelperExtension.cs: 1131 - Retrieving features of type [RefAxis] from 檢選區盒子-1
2023-04-12 13:13:40,488 INFO  ExportHelperExtension.cs: 1142 - Found 27 in 檢選區盒子-1
2023-04-12 13:13:40,488 INFO  ExportHelperExtension.cs: 1152 - Found 0 features of type [RefAxis] in 檢選區盒子-1
2023-04-12 13:13:40,489 INFO  ExportHelperExtension.cs: 1131 - Retrieving features of type [RefAxis] from 檢選區第二層3-1
2023-04-12 13:13:40,489 INFO  ExportHelperExtension.cs: 1142 - Found 31 in 檢選區第二層3-1
2023-04-12 13:13:40,490 INFO  ExportHelperExtension.cs: 1152 - Found 0 features of type [RefAxis] in 檢選區第二層3-1
2023-04-12 13:13:40,490 INFO  ExportHelperExtension.cs: 1131 - Retrieving features of type [RefAxis] from 檢選區盒子-6
2023-04-12 13:13:40,490 INFO  ExportHelperExtension.cs: 1142 - Found 27 in 檢選區盒子-6
2023-04-12 13:13:40,491 INFO  ExportHelperExtension.cs: 1152 - Found 0 features of type [RefAxis] in 檢選區盒子-6
2023-04-12 13:13:40,491 INFO  ExportHelperExtension.cs: 1131 - Retrieving features of type [RefAxis] from 檢選區盒子-4
2023-04-12 13:13:40,491 INFO  ExportHelperExtension.cs: 1142 - Found 27 in 檢選區盒子-4
2023-04-12 13:13:40,492 INFO  ExportHelperExtension.cs: 1152 - Found 0 features of type [RefAxis] in 檢選區盒子-4
2023-04-12 13:13:40,492 INFO  ExportHelperExtension.cs: 1131 - Retrieving features of type [RefAxis] from 檢選區盒子-3
2023-04-12 13:13:40,515 INFO  ExportHelperExtension.cs: 1142 - Found 27 in 檢選區盒子-3
2023-04-12 13:13:40,516 INFO  ExportHelperExtension.cs: 1152 - Found 0 features of type [RefAxis] in 檢選區盒子-3
2023-04-12 13:13:40,516 INFO  ExportHelperExtension.cs: 1131 - Retrieving features of type [RefAxis] from 檢選區盒子-5
2023-04-12 13:13:40,517 INFO  ExportHelperExtension.cs: 1142 - Found 27 in 檢選區盒子-5
2023-04-12 13:13:40,517 INFO  ExportHelperExtension.cs: 1152 - Found 0 features of type [RefAxis] in 檢選區盒子-5
2023-04-12 13:13:40,668 INFO  SwAddin.cs: 316 - Loading config tree
2023-04-12 13:13:40,673 INFO  ExportPropertyManagerExtension.cs: 597 - Starting new configuration
2023-04-12 13:13:40,676 INFO  SwAddin.cs: 321 - Showing property manager
2023-04-12 13:13:50,309 INFO  ExportPropertyManager.cs: 1060 - OnComboboxSelectionChanged called. This method no longer throws an Exception. It just silently does nothing. Ok, except for this logging message
2023-04-12 13:13:54,452 INFO  ExportPropertyManager.cs: 1184 - AfterClose called. This method no longer throws an Exception. It just silently does nothing. Ok, except for this logging message
2023-04-12 13:14:08,948 INFO  SwAddin.cs: 271 - Assembly export called for file pickup_area.SLDASM
2023-04-12 13:14:08,948 INFO  SwAddin.cs: 276 - Save is required
2023-04-12 13:14:08,949 INFO  SwAddin.cs: 290 - Saving assembly
2023-04-12 13:14:09,305 INFO  SwAddin.cs: 293 - Opening property manager
2023-04-12 13:14:09,306 INFO  ExportHelperExtension.cs: 1131 - Retrieving features of type [CoordSys] from pickup_area.SLDASM
2023-04-12 13:14:09,306 INFO  ExportHelperExtension.cs: 1142 - Found 38 in pickup_area.SLDASM
2023-04-12 13:14:09,307 INFO  ExportHelperExtension.cs: 1152 - Found 1 features of type [CoordSys] in pickup_area.SLDASM
2023-04-12 13:14:09,307 INFO  ExportHelperExtension.cs: 1155 - Proceeding through assembly components
2023-04-12 13:14:09,308 INFO  ExportHelperExtension.cs: 1167 - 8 components to check
2023-04-12 13:14:09,308 INFO  ExportHelperExtension.cs: 1131 - Retrieving features of type [CoordSys] from 檢選區盒子-2
2023-04-12 13:14:09,308 INFO  ExportHelperExtension.cs: 1142 - Found 27 in 檢選區盒子-2
2023-04-12 13:14:09,309 INFO  ExportHelperExtension.cs: 1152 - Found 0 features of type [CoordSys] in 檢選區盒子-2
2023-04-12 13:14:09,310 INFO  ExportHelperExtension.cs: 1131 - Retrieving features of type [CoordSys] from 檢選居底座-1
2023-04-12 13:14:09,311 INFO  ExportHelperExtension.cs: 1142 - Found 32 in 檢選居底座-1
2023-04-12 13:14:09,312 INFO  ExportHelperExtension.cs: 1152 - Found 0 features of type [CoordSys] in 檢選居底座-1
2023-04-12 13:14:09,312 INFO  ExportHelperExtension.cs: 1131 - Retrieving features of type [CoordSys] from 檢選區盒子-1
2023-04-12 13:14:09,312 INFO  ExportHelperExtension.cs: 1142 - Found 27 in 檢選區盒子-1
2023-04-12 13:14:09,313 INFO  ExportHelperExtension.cs: 1152 - Found 0 features of type [CoordSys] in 檢選區盒子-1
2023-04-12 13:14:09,313 INFO  ExportHelperExtension.cs: 1131 - Retrieving features of type [CoordSys] from 檢選區第二層3-1
2023-04-12 13:14:09,314 INFO  ExportHelperExtension.cs: 1142 - Found 31 in 檢選區第二層3-1
2023-04-12 13:14:09,314 INFO  ExportHelperExtension.cs: 1152 - Found 0 features of type [CoordSys] in 檢選區第二層3-1
2023-04-12 13:14:09,315 INFO  ExportHelperExtension.cs: 1131 - Retrieving features of type [CoordSys] from 檢選區盒子-6
2023-04-12 13:14:09,315 INFO  ExportHelperExtension.cs: 1142 - Found 27 in 檢選區盒子-6
2023-04-12 13:14:09,316 INFO  ExportHelperExtension.cs: 1152 - Found 0 features of type [CoordSys] in 檢選區盒子-6
2023-04-12 13:14:09,316 INFO  ExportHelperExtension.cs: 1131 - Retrieving features of type [CoordSys] from 檢選區盒子-4
2023-04-12 13:14:09,316 INFO  ExportHelperExtension.cs: 1142 - Found 27 in 檢選區盒子-4
2023-04-12 13:14:09,317 INFO  ExportHelperExtension.cs: 1152 - Found 0 features of type [CoordSys] in 檢選區盒子-4
2023-04-12 13:14:09,317 INFO  ExportHelperExtension.cs: 1131 - Retrieving features of type [CoordSys] from 檢選區盒子-3
2023-04-12 13:14:09,318 INFO  ExportHelperExtension.cs: 1142 - Found 27 in 檢選區盒子-3
2023-04-12 13:14:09,318 INFO  ExportHelperExtension.cs: 1152 - Found 0 features of type [CoordSys] in 檢選區盒子-3
2023-04-12 13:14:09,319 INFO  ExportHelperExtension.cs: 1131 - Retrieving features of type [CoordSys] from 檢選區盒子-5
2023-04-12 13:14:09,319 INFO  ExportHelperExtension.cs: 1142 - Found 27 in 檢選區盒子-5
2023-04-12 13:14:09,319 INFO  ExportHelperExtension.cs: 1152 - Found 0 features of type [CoordSys] in 檢選區盒子-5
2023-04-12 13:14:09,321 INFO  ExportHelperExtension.cs: 1131 - Retrieving features of type [RefAxis] from pickup_area.SLDASM
2023-04-12 13:14:09,322 INFO  ExportHelperExtension.cs: 1142 - Found 38 in pickup_area.SLDASM
2023-04-12 13:14:09,322 INFO  ExportHelperExtension.cs: 1152 - Found 0 features of type [RefAxis] in pickup_area.SLDASM
2023-04-12 13:14:09,322 INFO  ExportHelperExtension.cs: 1155 - Proceeding through assembly components
2023-04-12 13:14:09,323 INFO  ExportHelperExtension.cs: 1167 - 8 components to check
2023-04-12 13:14:09,323 INFO  ExportHelperExtension.cs: 1131 - Retrieving features of type [RefAxis] from 檢選區盒子-2
2023-04-12 13:14:09,324 INFO  ExportHelperExtension.cs: 1142 - Found 27 in 檢選區盒子-2
2023-04-12 13:14:09,324 INFO  ExportHelperExtension.cs: 1152 - Found 0 features of type [RefAxis] in 檢選區盒子-2
2023-04-12 13:14:09,324 INFO  ExportHelperExtension.cs: 1131 - Retrieving features of type [RefAxis] from 檢選居底座-1
2023-04-12 13:14:09,325 INFO  ExportHelperExtension.cs: 1142 - Found 32 in 檢選居底座-1
2023-04-12 13:14:09,325 INFO  ExportHelperExtension.cs: 1152 - Found 0 features of type [RefAxis] in 檢選居底座-1
2023-04-12 13:14:09,327 INFO  ExportHelperExtension.cs: 1131 - Retrieving features of type [RefAxis] from 檢選區盒子-1
2023-04-12 13:14:09,327 INFO  ExportHelperExtension.cs: 1142 - Found 27 in 檢選區盒子-1
2023-04-12 13:14:09,328 INFO  ExportHelperExtension.cs: 1152 - Found 0 features of type [RefAxis] in 檢選區盒子-1
2023-04-12 13:14:09,328 INFO  ExportHelperExtension.cs: 1131 - Retrieving features of type [RefAxis] from 檢選區第二層3-1
2023-04-12 13:14:09,328 INFO  ExportHelperExtension.cs: 1142 - Found 31 in 檢選區第二層3-1
2023-04-12 13:14:09,329 INFO  ExportHelperExtension.cs: 1152 - Found 0 features of type [RefAxis] in 檢選區第二層3-1
2023-04-12 13:14:09,329 INFO  ExportHelperExtension.cs: 1131 - Retrieving features of type [RefAxis] from 檢選區盒子-6
2023-04-12 13:14:09,329 INFO  ExportHelperExtension.cs: 1142 - Found 27 in 檢選區盒子-6
2023-04-12 13:14:09,330 INFO  ExportHelperExtension.cs: 1152 - Found 0 features of type [RefAxis] in 檢選區盒子-6
2023-04-12 13:14:09,330 INFO  ExportHelperExtension.cs: 1131 - Retrieving features of type [RefAxis] from 檢選區盒子-4
2023-04-12 13:14:09,330 INFO  ExportHelperExtension.cs: 1142 - Found 27 in 檢選區盒子-4
2023-04-12 13:14:09,331 INFO  ExportHelperExtension.cs: 1152 - Found 0 features of type [RefAxis] in 檢選區盒子-4
2023-04-12 13:14:09,331 INFO  ExportHelperExtension.cs: 1131 - Retrieving features of type [RefAxis] from 檢選區盒子-3
2023-04-12 13:14:09,331 INFO  ExportHelperExtension.cs: 1142 - Found 27 in 檢選區盒子-3
2023-04-12 13:14:09,332 INFO  ExportHelperExtension.cs: 1152 - Found 0 features of type [RefAxis] in 檢選區盒子-3
2023-04-12 13:14:09,332 INFO  ExportHelperExtension.cs: 1131 - Retrieving features of type [RefAxis] from 檢選區盒子-5
2023-04-12 13:14:09,332 INFO  ExportHelperExtension.cs: 1142 - Found 27 in 檢選區盒子-5
2023-04-12 13:14:09,333 INFO  ExportHelperExtension.cs: 1152 - Found 0 features of type [RefAxis] in 檢選區盒子-5
2023-04-12 13:14:09,458 INFO  SwAddin.cs: 316 - Loading config tree
2023-04-12 13:14:09,459 INFO  ExportPropertyManagerExtension.cs: 597 - Starting new configuration
2023-04-12 13:14:09,461 INFO  SwAddin.cs: 321 - Showing property manager
2023-04-12 13:14:15,342 INFO  ExportPropertyManager.cs: 1060 - OnComboboxSelectionChanged called. This method no longer throws an Exception. It just silently does nothing. Ok, except for this logging message
2023-04-12 13:14:16,560 INFO  ExportPropertyManager.cs: 456 - Configuration saved
2023-04-12 13:14:16,924 INFO  ExportHelperExtension.cs: 1131 - Retrieving features of type [CoordSys] from pickup_area.SLDASM
2023-04-12 13:14:16,928 INFO  ExportHelperExtension.cs: 1142 - Found 39 in pickup_area.SLDASM
2023-04-12 13:14:16,929 INFO  ExportHelperExtension.cs: 1152 - Found 1 features of type [CoordSys] in pickup_area.SLDASM
2023-04-12 13:14:16,929 INFO  ExportHelperExtension.cs: 1155 - Proceeding through assembly components
2023-04-12 13:14:16,930 INFO  ExportHelperExtension.cs: 1167 - 8 components to check
2023-04-12 13:14:16,930 INFO  ExportHelperExtension.cs: 1131 - Retrieving features of type [CoordSys] from 檢選區盒子-2
2023-04-12 13:14:16,930 INFO  ExportHelperExtension.cs: 1142 - Found 27 in 檢選區盒子-2
2023-04-12 13:14:16,931 INFO  ExportHelperExtension.cs: 1152 - Found 0 features of type [CoordSys] in 檢選區盒子-2
2023-04-12 13:14:16,931 INFO  ExportHelperExtension.cs: 1131 - Retrieving features of type [CoordSys] from 檢選居底座-1
2023-04-12 13:14:16,931 INFO  ExportHelperExtension.cs: 1142 - Found 32 in 檢選居底座-1
2023-04-12 13:14:16,932 INFO  ExportHelperExtension.cs: 1152 - Found 0 features of type [CoordSys] in 檢選居底座-1
2023-04-12 13:14:16,932 INFO  ExportHelperExtension.cs: 1131 - Retrieving features of type [CoordSys] from 檢選區盒子-1
2023-04-12 13:14:16,933 INFO  ExportHelperExtension.cs: 1142 - Found 27 in 檢選區盒子-1
2023-04-12 13:14:16,933 INFO  ExportHelperExtension.cs: 1152 - Found 0 features of type [CoordSys] in 檢選區盒子-1
2023-04-12 13:14:16,933 INFO  ExportHelperExtension.cs: 1131 - Retrieving features of type [CoordSys] from 檢選區第二層3-1
2023-04-12 13:14:16,934 INFO  ExportHelperExtension.cs: 1142 - Found 31 in 檢選區第二層3-1
2023-04-12 13:14:16,934 INFO  ExportHelperExtension.cs: 1152 - Found 0 features of type [CoordSys] in 檢選區第二層3-1
2023-04-12 13:14:16,935 INFO  ExportHelperExtension.cs: 1131 - Retrieving features of type [CoordSys] from 檢選區盒子-6
2023-04-12 13:14:16,935 INFO  ExportHelperExtension.cs: 1142 - Found 27 in 檢選區盒子-6
2023-04-12 13:14:16,935 INFO  ExportHelperExtension.cs: 1152 - Found 0 features of type [CoordSys] in 檢選區盒子-6
2023-04-12 13:14:16,936 INFO  ExportHelperExtension.cs: 1131 - Retrieving features of type [CoordSys] from 檢選區盒子-4
2023-04-12 13:14:16,936 INFO  ExportHelperExtension.cs: 1142 - Found 27 in 檢選區盒子-4
2023-04-12 13:14:16,936 INFO  ExportHelperExtension.cs: 1152 - Found 0 features of type [CoordSys] in 檢選區盒子-4
2023-04-12 13:14:16,937 INFO  ExportHelperExtension.cs: 1131 - Retrieving features of type [CoordSys] from 檢選區盒子-3
2023-04-12 13:14:16,937 INFO  ExportHelperExtension.cs: 1142 - Found 27 in 檢選區盒子-3
2023-04-12 13:14:16,937 INFO  ExportHelperExtension.cs: 1152 - Found 0 features of type [CoordSys] in 檢選區盒子-3
2023-04-12 13:14:16,938 INFO  ExportHelperExtension.cs: 1131 - Retrieving features of type [CoordSys] from 檢選區盒子-5
2023-04-12 13:14:16,938 INFO  ExportHelperExtension.cs: 1142 - Found 27 in 檢選區盒子-5
2023-04-12 13:14:16,938 INFO  ExportHelperExtension.cs: 1152 - Found 0 features of type [CoordSys] in 檢選區盒子-5
2023-04-12 13:14:16,939 INFO  ExportHelperExtension.cs: 1131 - Retrieving features of type [RefAxis] from pickup_area.SLDASM
2023-04-12 13:14:16,939 INFO  ExportHelperExtension.cs: 1142 - Found 39 in pickup_area.SLDASM
2023-04-12 13:14:16,940 INFO  ExportHelperExtension.cs: 1152 - Found 0 features of type [RefAxis] in pickup_area.SLDASM
2023-04-12 13:14:16,940 INFO  ExportHelperExtension.cs: 1155 - Proceeding through assembly components
2023-04-12 13:14:16,940 INFO  ExportHelperExtension.cs: 1167 - 8 components to check
2023-04-12 13:14:16,941 INFO  ExportHelperExtension.cs: 1131 - Retrieving features of type [RefAxis] from 檢選區盒子-2
2023-04-12 13:14:16,941 INFO  ExportHelperExtension.cs: 1142 - Found 27 in 檢選區盒子-2
2023-04-12 13:14:16,941 INFO  ExportHelperExtension.cs: 1152 - Found 0 features of type [RefAxis] in 檢選區盒子-2
2023-04-12 13:14:16,942 INFO  ExportHelperExtension.cs: 1131 - Retrieving features of type [RefAxis] from 檢選居底座-1
2023-04-12 13:14:16,942 INFO  ExportHelperExtension.cs: 1142 - Found 32 in 檢選居底座-1
2023-04-12 13:14:16,942 INFO  ExportHelperExtension.cs: 1152 - Found 0 features of type [RefAxis] in 檢選居底座-1
2023-04-12 13:14:16,943 INFO  ExportHelperExtension.cs: 1131 - Retrieving features of type [RefAxis] from 檢選區盒子-1
2023-04-12 13:14:16,943 INFO  ExportHelperExtension.cs: 1142 - Found 27 in 檢選區盒子-1
2023-04-12 13:14:16,944 INFO  ExportHelperExtension.cs: 1152 - Found 0 features of type [RefAxis] in 檢選區盒子-1
2023-04-12 13:14:16,944 INFO  ExportHelperExtension.cs: 1131 - Retrieving features of type [RefAxis] from 檢選區第二層3-1
2023-04-12 13:14:16,944 INFO  ExportHelperExtension.cs: 1142 - Found 31 in 檢選區第二層3-1
2023-04-12 13:14:16,945 INFO  ExportHelperExtension.cs: 1152 - Found 0 features of type [RefAxis] in 檢選區第二層3-1
2023-04-12 13:14:16,945 INFO  ExportHelperExtension.cs: 1131 - Retrieving features of type [RefAxis] from 檢選區盒子-6
2023-04-12 13:14:16,945 INFO  ExportHelperExtension.cs: 1142 - Found 27 in 檢選區盒子-6
2023-04-12 13:14:16,946 INFO  ExportHelperExtension.cs: 1152 - Found 0 features of type [RefAxis] in 檢選區盒子-6
2023-04-12 13:14:16,946 INFO  ExportHelperExtension.cs: 1131 - Retrieving features of type [RefAxis] from 檢選區盒子-4
2023-04-12 13:14:16,946 INFO  ExportHelperExtension.cs: 1142 - Found 27 in 檢選區盒子-4
2023-04-12 13:14:16,947 INFO  ExportHelperExtension.cs: 1152 - Found 0 features of type [RefAxis] in 檢選區盒子-4
2023-04-12 13:14:16,947 INFO  ExportHelperExtension.cs: 1131 - Retrieving features of type [RefAxis] from 檢選區盒子-3
2023-04-12 13:14:16,948 INFO  ExportHelperExtension.cs: 1142 - Found 27 in 檢選區盒子-3
2023-04-12 13:14:16,948 INFO  ExportHelperExtension.cs: 1152 - Found 0 features of type [RefAxis] in 檢選區盒子-3
2023-04-12 13:14:16,948 INFO  ExportHelperExtension.cs: 1131 - Retrieving features of type [RefAxis] from 檢選區盒子-5
2023-04-12 13:14:16,949 INFO  ExportHelperExtension.cs: 1142 - Found 27 in 檢選區盒子-5
2023-04-12 13:14:16,949 INFO  ExportHelperExtension.cs: 1152 - Found 0 features of type [RefAxis] in 檢選區盒子-5
2023-04-12 13:14:17,005 INFO  ExportPropertyManager.cs: 1184 - AfterClose called. This method no longer throws an Exception. It just silently does nothing. Ok, except for this logging message
2023-04-12 13:14:19,749 INFO  AssemblyExportForm.cs: 254 - Completing URDF export
2023-04-12 13:14:19,755 INFO  Serialization.cs: 275 - URDF Configuration found
<Link z:Id="i1" xmlns="http://schemas.datacontract.org/2004/07/SW2URDF" xmlns:i="http://www.w3.org/2001/XMLSchema-instance" xmlns:z="http://schemas.microsoft.com/2003/10/Serialization/"><Attributes><Attribute z:Id="i2"><AttributeType>name</AttributeType><IsRequired>true</IsRequired><Value i:type="a:string" xmlns:a="http://www.w3.org/2001/XMLSchema">base_link</Value></Attribute></Attributes><ChildElements><URDFElement z:Id="i3" i:type="Inertial"><Attributes/><ChildElements><URDFElement z:Id="i4" i:type="Origin"><Attributes><Attribute z:Id="i5"><AttributeType>xyz</AttributeType><IsRequired>true</IsRequired><Value i:type="a:ArrayOfdouble" xmlns:a="http://schemas.microsoft.com/2003/10/Serialization/Arrays"><a:double>0</a:double><a:double>0</a:double><a:double>0</a:double></Value></Attribute><Attribute z:Id="i6"><AttributeType>rpy</AttributeType><IsRequired>true</IsRequired><Value i:type="a:ArrayOfdouble" xmlns:a="http://schemas.microsoft.com/2003/10/Serialization/Arrays"><a:double>0</a:double><a:double>0</a:double><a:double>0</a:double></Value></Attribute></Attributes><ChildElements/><ElementName>origin</ElementName><required>false</required><RPYAttribute z:Ref="i6"/><XYZAttribute z:Ref="i5"/><isCustomized>false</isCustomized></URDFElement><URDFElement z:Id="i7" i:type="Mass"><Attributes><Attribute z:Id="i8"><AttributeType>value</AttributeType><IsRequired>true</IsRequired><Value i:type="a:double" xmlns:a="http://www.w3.org/2001/XMLSchema">0</Value></Attribute></Attributes><ChildElements/><ElementName>mass</ElementName><required>false</required><ValueAttribute z:Ref="i8"/></URDFElement><URDFElement z:Id="i9" i:type="Inertia"><Attributes><Attribute z:Id="i10"><AttributeType>ixx</AttributeType><IsRequired>true</IsRequired><Value i:type="a:double" xmlns:a="http://www.w3.org/2001/XMLSchema">0</Value></Attribute><Attribute z:Id="i11"><AttributeType>ixy</AttributeType><IsRequired>true</IsRequired><Value i:type="a:double" xmlns:a="http://www.w3.org/2001/XMLSchema">0</Value></Attribute><Attribute z:Id="i12"><AttributeType>ixz</AttributeType><IsRequired>true</IsRequired><Value i:type="a:double" xmlns:a="http://www.w3.org/2001/XMLSchema">0</Value></Attribute><Attribute z:Id="i13"><AttributeType>iyy</AttributeType><IsRequired>true</IsRequired><Value i:type="a:double" xmlns:a="http://www.w3.org/2001/XMLSchema">0</Value></Attribute><Attribute z:Id="i14"><AttributeType>iyz</AttributeType><IsRequired>true</IsRequired><Value i:type="a:double" xmlns:a="http://www.w3.org/2001/XMLSchema">0</Value></Attribute><Attribute z:Id="i15"><AttributeType>izz</AttributeType><IsRequired>true</IsRequired><Value i:type="a:double" xmlns:a="http://www.w3.org/2001/XMLSchema">0</Value></Attribute></Attributes><ChildElements/><ElementName>inertia</ElementName><required>false</required><IxxAttribute z:Ref="i10"/><IxyAttribute z:Ref="i11"/><IxzAttribute z:Ref="i12"/><IyyAttribute z:Ref="i13"/><IyzAttribute z:Ref="i14"/><IzzAttribute z:Ref="i15"/></URDFElement></ChildElements><ElementName>inertial</ElementName><required>false</required><Inertia z:Ref="i9"/><Mass z:Ref="i7"/><Origin z:Ref="i4"/></URDFElement><URDFElement z:Id="i16" i:type="Visual"><Attributes/><ChildElements><URDFElement z:Id="i17" i:type="Origin"><Attributes><Attribute z:Id="i18"><AttributeType>xyz</AttributeType><IsRequired>true</IsRequired><Value i:type="a:ArrayOfdouble" xmlns:a="http://schemas.microsoft.com/2003/10/Serialization/Arrays"><a:double>0</a:double><a:double>0</a:double><a:double>0</a:double></Value></Attribute><Attribute z:Id="i19"><AttributeType>rpy</AttributeType><IsRequired>true</IsRequired><Value i:type="a:ArrayOfdouble" xmlns:a="http://schemas.microsoft.com/2003/10/Serialization/Arrays"><a:double>0</a:double><a:double>0</a:double><a:double>0</a:double></Value></Attribute></Attributes><ChildElements/><ElementName>origin</ElementName><required>false</required><RPYAttribute z:Ref="i19"/><XYZAttribute z:Ref="i18"/><isCustomized>false</isCustomized></URDFElement><URDFElement z:Id="i20" i:type="Geometry"><Attributes/><ChildElements><URDFElement z:Id="i21" i:type="Mesh"><Attributes><Attribute z:Id="i22"><AttributeType>filename</AttributeType><IsRequired>true</IsRequired><Value i:nil="true"/></Attribute></Attributes><ChildElements/><ElementName>mesh</ElementName><required>false</required><FilenameAttribute z:Ref="i22"/></URDFElement></ChildElements><ElementName>geometry</ElementName><required>true</required><Mesh z:Ref="i21"/></URDFElement><URDFElement z:Id="i23" i:type="Material"><Attributes><Attribute z:Id="i24"><AttributeType>name</AttributeType><IsRequired>true</IsRequired><Value i:type="a:string" xmlns:a="http://www.w3.org/2001/XMLSchema"/></Attribute></Attributes><ChildElements><URDFElement z:Id="i25" i:type="Color"><Attributes><Attribute z:Id="i26"><AttributeType>rgba</AttributeType><IsRequired>true</IsRequired><Value i:type="a:ArrayOfdouble" xmlns:a="http://schemas.microsoft.com/2003/10/Serialization/Arrays"><a:double>1</a:double><a:double>1</a:double><a:double>1</a:double><a:double>1</a:double></Value></Attribute></Attributes><ChildElements/><ElementName>color</ElementName><required>false</required><RGBAAttribute z:Ref="i26"/></URDFElement><URDFElement z:Id="i27" i:type="Texture"><Attributes><Attribute z:Id="i28"><AttributeType>filename</AttributeType><IsRequired>true</IsRequired><Value i:nil="true"/></Attribute></Attributes><ChildElements/><ElementName>texture</ElementName><required>false</required><FilenameAttribute z:Ref="i28"/><wFilename/></URDFElement></ChildElements><ElementName>material</ElementName><required>false</required><Color z:Ref="i25"/><NameAttribute z:Ref="i24"/><Texture z:Ref="i27"/></URDFElement></ChildElements><ElementName>visual</ElementName><required>false</required><Geometry z:Ref="i20"/><Material z:Ref="i23"/><Origin z:Ref="i17"/></URDFElement><URDFElement z:Id="i29" i:type="Collision"><Attributes/><ChildElements><URDFElement z:Id="i30" i:type="Origin"><Attributes><Attribute z:Id="i31"><AttributeType>xyz</AttributeType><IsRequired>true</IsRequired><Value i:type="a:ArrayOfdouble" xmlns:a="http://schemas.microsoft.com/2003/10/Serialization/Arrays"><a:double>0</a:double><a:double>0</a:double><a:double>0</a:double></Value></Attribute><Attribute z:Id="i32"><AttributeType>rpy</AttributeType><IsRequired>true</IsRequired><Value i:type="a:ArrayOfdouble" xmlns:a="http://schemas.microsoft.com/2003/10/Serialization/Arrays"><a:double>0</a:double><a:double>0</a:double><a:double>0</a:double></Value></Attribute></Attributes><ChildElements/><ElementName>origin</ElementName><required>false</required><RPYAttribute z:Ref="i32"/><XYZAttribute z:Ref="i31"/><isCustomized>false</isCustomized></URDFElement><URDFElement z:Id="i33" i:type="Geometry"><Attributes/><ChildElements><URDFElement z:Id="i34" i:type="Mesh"><Attributes><Attribute z:Id="i35"><AttributeType>filename</AttributeType><IsRequired>true</IsRequired><Value i:nil="true"/></Attribute></Attributes><ChildElements/><ElementName>mesh</ElementName><required>false</required><FilenameAttribute z:Ref="i35"/></URDFElement></ChildElements><ElementName>geometry</ElementName><required>true</required><Mesh z:Ref="i34"/></URDFElement></ChildElements><ElementName>collision</ElementName><required>false</required><Geometry z:Ref="i33"/><Origin z:Ref="i30"/></URDFElement><URDFElement z:Id="i36" i:type="Joint"><Attributes><Attribute z:Id="i37"><AttributeType>name</AttributeType><IsRequired>true</IsRequired><Value i:type="a:string" xmlns:a="http://www.w3.org/2001/XMLSchema"/></Attribute><Attribute z:Id="i38"><AttributeType>type</AttributeType><IsRequired>true</IsRequired><Value i:type="a:string" xmlns:a="http://www.w3.org/2001/XMLSchema"/></Attribute></Attributes><ChildElements><URDFElement z:Id="i39" i:type="Origin"><Attributes><Attribute z:Id="i40"><AttributeType>xyz</AttributeType><IsRequired>true</IsRequired><Value i:type="a:ArrayOfdouble" xmlns:a="http://schemas.microsoft.com/2003/10/Serialization/Arrays"><a:double>0</a:double><a:double>0</a:double><a:double>0</a:double></Value></Attribute><Attribute z:Id="i41"><AttributeType>rpy</AttributeType><IsRequired>true</IsRequired><Value i:type="a:ArrayOfdouble" xmlns:a="http://schemas.microsoft.com/2003/10/Serialization/Arrays"><a:double>0</a:double><a:double>0</a:double><a:double>0</a:double></Value></Attribute></Attributes><ChildElements/><ElementName>origin</ElementName><required>false</required><RPYAttribute z:Ref="i41"/><XYZAttribute z:Ref="i40"/><isCustomized>false</isCustomized></URDFElement><URDFElement z:Id="i42" i:type="ParentLink"><Attributes><Attribute z:Id="i43"><AttributeType>link</AttributeType><IsRequired>true</IsRequired><Value i:type="a:string" xmlns:a="http://www.w3.org/2001/XMLSchema"/></Attribute></Attributes><ChildElements/><ElementName>parent</ElementName><required>true</required><NameAttribute z:Ref="i43"/></URDFElement><URDFElement z:Id="i44" i:type="ChildLink"><Attributes><Attribute z:Id="i45"><AttributeType>link</AttributeType><IsRequired>true</IsRequired><Value i:type="a:string" xmlns:a="http://www.w3.org/2001/XMLSchema"/></Attribute></Attributes><ChildElements/><ElementName>child</ElementName><required>true</required><NameAttribute z:Ref="i45"/></URDFElement><URDFElement z:Id="i46" i:type="Axis"><Attributes><Attribute z:Id="i47"><AttributeType>xyz</AttributeType><IsRequired>true</IsRequired><Value i:type="a:ArrayOfdouble" xmlns:a="http://schemas.microsoft.com/2003/10/Serialization/Arrays"><a:double>0</a:double><a:double>0</a:double><a:double>0</a:double></Value></Attribute></Attributes><ChildElements/><ElementName>axis</ElementName><required>false</required><XYZAttribute z:Ref="i47"/></URDFElement><URDFElement z:Id="i48" i:type="Limit"><Attributes><Attribute z:Id="i49"><AttributeType>lower</AttributeType><IsRequired>false</IsRequired><Value i:nil="true"/></Attribute><Attribute z:Id="i50"><AttributeType>upper</AttributeType><IsRequired>false</IsRequired><Value i:nil="true"/></Attribute><Attribute z:Id="i51"><AttributeType>effort</AttributeType><IsRequired>true</IsRequired><Value i:nil="true"/></Attribute><Attribute z:Id="i52"><AttributeType>velocity</AttributeType><IsRequired>true</IsRequired><Value i:nil="true"/></Attribute></Attributes><ChildElements/><ElementName>limit</ElementName><required>false</required><EffortAttribute z:Ref="i51"/><LowerAttribute z:Ref="i49"/><UpperAttribute z:Ref="i50"/><VelocityAttribute z:Ref="i52"/></URDFElement><URDFElement z:Id="i53" i:type="Calibration"><Attributes><Attribute z:Id="i54"><AttributeType>rising</AttributeType><IsRequired>false</IsRequired><Value i:nil="true"/></Attribute><Attribute z:Id="i55"><AttributeType>falling</AttributeType><IsRequired>false</IsRequired><Value i:nil="true"/></Attribute></Attributes><ChildElements/><ElementName>calibration</ElementName><required>false</required><FallingAttribute z:Ref="i55"/><RisingAttribute z:Ref="i54"/></URDFElement><URDFElement z:Id="i56" i:type="Dynamics"><Attributes><Attribute z:Id="i57"><AttributeType>damping</AttributeType><IsRequired>false</IsRequired><Value i:nil="true"/></Attribute><Attribute z:Id="i58"><AttributeType>friction</AttributeType><IsRequired>false</IsRequired><Value i:nil="true"/></Attribute></Attributes><ChildElements/><ElementName>dynamics</ElementName><required>false</required><DampingAttribute z:Ref="i57"/><FrictionAttribute z:Ref="i58"/></URDFElement><URDFElement z:Id="i59" i:type="SafetyController"><Attributes><Attribute z:Id="i60"><AttributeType>soft_upper</AttributeType><IsRequired>false</IsRequired><Value i:nil="true"/></Attribute><Attribute z:Id="i61"><AttributeType>soft_lower</AttributeType><IsRequired>false</IsRequired><Value i:nil="true"/></Attribute><Attribute z:Id="i62"><AttributeType>k_position</AttributeType><IsRequired>false</IsRequired><Value i:nil="true"/></Attribute><Attribute z:Id="i63"><AttributeType>k_velocity</AttributeType><IsRequired>true</IsRequired><Value i:nil="true"/></Attribute></Attributes><ChildElements/><ElementName>safety_controller</ElementName><required>false</required><KPositionAttribute z:Ref="i62"/><KVelocityAttribute z:Ref="i63"/><SoftLowerAttribute z:Ref="i61"/><SoftUpperAttribute z:Ref="i60"/></URDFElement><URDFElement z:Id="i64" i:type="Mimic"><Attributes><Attribute z:Id="i65"><AttributeType>joint</AttributeType><IsRequired>true</IsRequired><Value i:nil="true"/></Attribute><Attribute z:Id="i66"><AttributeType>multiplier</AttributeType><IsRequired>false</IsRequired><Value i:nil="true"/></Attribute><Attribute z:Id="i67"><AttributeType>offset</AttributeType><IsRequired>false</IsRequired><Value i:nil="true"/></Attribute></Attributes><ChildElements/><ElementName>mimic</ElementName><required>false</required><JointNameAttribute z:Ref="i65"/><MultiplierAttribute z:Ref="i66"/><OffsetAttribute z:Ref="i67"/></URDFElement></ChildElements><ElementName>joint</ElementName><required>false</required><Axis z:Ref="i46"/><AxisName/><Calibration z:Ref="i53"/><Child z:Ref="i44"/><CoordinateSystemName>????????????1</CoordinateSystemName><Dynamics z:Ref="i56"/><Limit z:Ref="i48"/><Mimic z:Ref="i64"/><NameAttribute z:Ref="i37"/><Origin z:Ref="i39"/><Parent z:Ref="i42"/><Safety z:Ref="i59"/><TypeAttribute z:Ref="i38"/></URDFElement></ChildElements><ElementName>link</ElementName><required>true</required><Children/><Collision z:Ref="i29"/><Inertial z:Ref="i3"/><Joint z:Ref="i36"/><NameAttribute z:Ref="i2"/><Parent i:nil="true"/><STLQualityFine>false</STLQualityFine><SWComponentPIDs xmlns:a="http://schemas.microsoft.com/2003/10/Serialization/Arrays"><a:base64Binary>4C4AAAUAAAD//v8Tomp4kEBT0nZQWy0ANQBAAHAAaQBjAGsAdQBwAF8AYQByAGUAYQAEAAAAEAAAAAEAAAABAAAALwAAAA==</a:base64Binary><a:base64Binary>4C4AAAUAAAD//v8Tomp4kEBT0nZQWy0AMwBAAHAAaQBjAGsAdQBwAF8AYQByAGUAYQAEAAAAEAAAAAEAAAABAAAAKwAAAA==</a:base64Binary><a:base64Binary>4C4AAAUAAAD//v8Tomp4kEBT0nZQWy0ANABAAHAAaQBjAGsAdQBwAF8AYQByAGUAYQAEAAAAEAAAAAEAAAABAAAALgAAAA==</a:base64Binary><a:base64Binary>4C4AAAUAAAD//v8Tomp4kEBT0nZQWy0ANgBAAHAAaQBjAGsAdQBwAF8AYQByAGUAYQAEAAAAEAAAAAEAAAABAAAAMAAAAA==</a:base64Binary><a:base64Binary>4C4AAAUAAAD//v8Vomp4kEBTLHuMTmRcMwAtADEAQABwAGkAYwBrAHUAcABfAGEAcgBlAGEABAAAABAAAAABAAAAAQAAABkAAAA=</a:base64Binary><a:base64Binary>4C4AAAUAAAD//v8Tomp4kEBT0nZQWy0AMQBAAHAAaQBjAGsAdQBwAF8AYQByAGUAYQAEAAAAEAAAAAEAAAABAAAAHAAAAA==</a:base64Binary><a:base64Binary>4C4AAAUAAAD//v8Tomp4kEVclV6nXi0AMQBAAHAAaQBjAGsAdQBwAF8AYQByAGUAYQAEAAAAEAAAAAEAAAABAAAAGAAAAA==</a:base64Binary><a:base64Binary>4C4AAAUAAAD//v8Tomp4kEBT0nZQWy0AMgBAAHAAaQBjAGsAdQBwAF8AYQByAGUAYQAEAAAAEAAAAAEAAAABAAAAKgAAAA==</a:base64Binary></SWComponentPIDs><SWMainComponentPID i:nil="true"/><Visual z:Ref="i16"/><isFixedFrame>false</isFixedFrame><isIncomplete>false</isIncomplete></Link>
2023-04-12 13:14:24,374 INFO  AssemblyExportForm.cs: 308 - Saving URDF package to C:\Users\jim\pickup_area
2023-04-12 13:14:24,376 INFO  ExportHelper.cs: 147 - Beginning the export process
2023-04-12 13:14:24,378 INFO  ExportHelper.cs: 153 - Creating package directories with name pickup_area and save path C:\Users\jim
2023-04-12 13:14:26,189 INFO  ExportHelper.cs: 162 - Creating CMakeLists.txt at C:\Users\jim\pickup_area\CMakeLists.txt
2023-04-12 13:14:26,190 INFO  ExportHelper.cs: 166 - Creating joint names config at C:\Users\jim\pickup_area\config\joint_names_pickup_area.yaml
2023-04-12 13:14:26,192 INFO  ExportHelper.cs: 170 - Creating package.xml at C:\Users\jim\pickup_area\package.xml
2023-04-12 13:14:26,194 INFO  PackageXMLWriter.cs: 21 - Creating package.xml at C:\Users\jim\pickup_area\package.xml
2023-04-12 13:14:26,199 INFO  ExportHelper.cs: 177 - Creating RVIZ launch file in C:\Users\jim\pickup_area\launch\
2023-04-12 13:14:26,201 INFO  ExportHelper.cs: 182 - Creating Gazebo launch file in C:\Users\jim\pickup_area\launch\
2023-04-12 13:14:26,202 INFO  ExportHelper.cs: 187 - Saving existing STL preferences
2023-04-12 13:14:26,202 INFO  ExportHelper.cs: 451 - Saving users preferences
2023-04-12 13:14:26,203 INFO  ExportHelper.cs: 190 - Modifying STL preferences
2023-04-12 13:14:26,204 INFO  ExportHelper.cs: 465 - Setting STL preferences
2023-04-12 13:14:26,284 INFO  ExportHelper.cs: 196 - Found 0 hidden components 
2023-04-12 13:14:26,284 INFO  ExportHelper.cs: 197 - Hiding all components
2023-04-12 13:14:26,315 INFO  ExportHelper.cs: 204 - Beginning individual files export
2023-04-12 13:14:26,317 INFO  ExportHelper.cs: 270 - Exporting link: base_link
2023-04-12 13:14:26,318 INFO  ExportHelper.cs: 272 - Link base_link has 0 children
2023-04-12 13:14:26,318 INFO  ExportHelper.cs: 318 - base_link: Exporting STL with coordinate frame 座標系統1
2023-04-12 13:14:26,319 INFO  ExportHelper.cs: 323 - base_link: Reference geometry name 
2023-04-12 13:14:26,383 INFO  ExportHelper.cs: 331 - Saving STL to C:\Users\jim\pickup_area\meshes\base_link.STL
2023-04-12 13:14:26,531 INFO  ExportHelper.cs: 406 - Removing SW header in STL file
2023-04-12 13:14:26,531 INFO  ExportHelper.cs: 145 - Showing all components except previously hidden components
2023-04-12 13:14:26,591 INFO  ExportHelper.cs: 145 - Resetting STL preferences
2023-04-12 13:14:26,591 INFO  ExportHelper.cs: 479 - Returning STL preferences to user preferences
2023-04-12 13:14:26,591 INFO  ExportHelper.cs: 228 - Writing URDF file to C:\Users\jim\pickup_area\urdf\pickup_area.urdf
2023-04-12 13:14:26,667 INFO  CSVImportExport.cs: 32 - Writing CSV file C:\Users\jim\pickup_area\urdf\pickup_area.csv
2023-04-12 13:14:26,692 ERROR CSVImportExport.cs: 132 - The following columns were not written to the CSV: Link.Joint.ChildLink.link,
2023-04-12 13:14:26,693 INFO  ExportHelper.cs: 234 - Copying log file
2023-04-12 13:14:26,697 INFO  ExportHelper.cs: 440 - Copying C:\Users\jim\sw2urdf_logs\sw2urdf.log to C:\Users\jim\pickup_area\export.log
2023-04-12 13:14:26,699 INFO  ExportHelper.cs: 237 - Resetting STL preferences
2023-04-12 13:14:26,700 INFO  ExportHelper.cs: 479 - Returning STL preferences to user preferences
2023-04-12 13:15:43,836 INFO  SwAddin.cs: 328 - Part export called
2023-04-12 13:15:43,855 INFO  ExportHelperExtension.cs: 1131 - Retrieving features of type [CoordSys] from ground.SLDPRT
2023-04-12 13:15:43,857 INFO  ExportHelperExtension.cs: 1142 - Found 29 in ground.SLDPRT
2023-04-12 13:15:43,861 INFO  ExportHelperExtension.cs: 1152 - Found 0 features of type [CoordSys] in ground.SLDPRT
2023-04-12 13:15:43,861 INFO  ExportHelperExtension.cs: 1131 - Retrieving features of type [RefAxis] from ground.SLDPRT
2023-04-12 13:15:43,861 INFO  ExportHelperExtension.cs: 1142 - Found 29 in ground.SLDPRT
2023-04-12 13:15:43,862 INFO  ExportHelperExtension.cs: 1152 - Found 0 features of type [RefAxis] in ground.SLDPRT
2023-04-12 13:15:43,862 INFO  SwAddin.cs: 344 - Showing part
2023-04-12 13:16:00,851 INFO  PackageXMLWriter.cs: 21 - Creating package.xml at C:\model\ground\manifest.xml
2023-04-12 13:16:00,851 INFO  ExportHelper.cs: 451 - Saving users preferences
2023-04-12 13:16:00,852 INFO  ExportHelper.cs: 465 - Setting STL preferences
2023-04-12 13:16:00,872 INFO  ExportHelper.cs: 479 - Returning STL preferences to user preferences
2023-04-12 13:19:36,778 INFO  SwAddin.cs: 328 - Part export called
2023-04-12 13:19:36,786 INFO  ExportHelperExtension.cs: 1131 - Retrieving features of type [CoordSys] from ground.SLDPRT
2023-04-12 13:19:36,786 INFO  ExportHelperExtension.cs: 1142 - Found 29 in ground.SLDPRT
2023-04-12 13:19:36,787 INFO  ExportHelperExtension.cs: 1152 - Found 0 features of type [CoordSys] in ground.SLDPRT
2023-04-12 13:19:36,787 INFO  ExportHelperExtension.cs: 1131 - Retrieving features of type [RefAxis] from ground.SLDPRT
2023-04-12 13:19:36,787 INFO  ExportHelperExtension.cs: 1142 - Found 29 in ground.SLDPRT
2023-04-12 13:19:36,788 INFO  ExportHelperExtension.cs: 1152 - Found 0 features of type [RefAxis] in ground.SLDPRT
2023-04-12 13:19:36,788 INFO  SwAddin.cs: 344 - Showing part
2023-04-12 13:20:01,763 INFO  PackageXMLWriter.cs: 21 - Creating package.xml at C:\model\ground\manifest.xml
2023-04-12 13:20:01,764 INFO  ExportHelper.cs: 451 - Saving users preferences
2023-04-12 13:20:01,764 INFO  ExportHelper.cs: 465 - Setting STL preferences
2023-04-12 13:20:01,787 INFO  ExportHelper.cs: 479 - Returning STL preferences to user preferences
2023-04-12 13:55:14,762 INFO  SwAddin.cs: 271 - Assembly export called for file save_area.SLDASM
2023-04-12 13:55:14,763 INFO  SwAddin.cs: 276 - Save is required
2023-04-12 13:55:14,763 INFO  SwAddin.cs: 290 - Saving assembly
2023-04-12 13:55:14,917 INFO  SwAddin.cs: 293 - Opening property manager
2023-04-12 13:55:14,917 INFO  ExportHelperExtension.cs: 1131 - Retrieving features of type [CoordSys] from save_area.SLDASM
2023-04-12 13:55:14,918 INFO  ExportHelperExtension.cs: 1142 - Found 33 in save_area.SLDASM
2023-04-12 13:55:14,919 INFO  ExportHelperExtension.cs: 1152 - Found 1 features of type [CoordSys] in save_area.SLDASM
2023-04-12 13:55:14,920 INFO  ExportHelperExtension.cs: 1155 - Proceeding through assembly components
2023-04-12 13:55:14,924 INFO  ExportHelperExtension.cs: 1167 - 8 components to check
2023-04-12 13:55:14,925 INFO  ExportHelperExtension.cs: 1131 - Retrieving features of type [CoordSys] from 儲存區柱子-1
2023-04-12 13:55:14,925 INFO  ExportHelperExtension.cs: 1142 - Found 25 in 儲存區柱子-1
2023-04-12 13:55:14,926 INFO  ExportHelperExtension.cs: 1152 - Found 0 features of type [CoordSys] in 儲存區柱子-1
2023-04-12 13:55:14,926 INFO  ExportHelperExtension.cs: 1131 - Retrieving features of type [CoordSys] from 儲存區板-1
2023-04-12 13:55:14,927 INFO  ExportHelperExtension.cs: 1142 - Found 25 in 儲存區板-1
2023-04-12 13:55:14,927 INFO  ExportHelperExtension.cs: 1152 - Found 0 features of type [CoordSys] in 儲存區板-1
2023-04-12 13:55:14,928 INFO  ExportHelperExtension.cs: 1131 - Retrieving features of type [CoordSys] from 儲存區柱子-3
2023-04-12 13:55:14,928 INFO  ExportHelperExtension.cs: 1142 - Found 25 in 儲存區柱子-3
2023-04-12 13:55:14,928 INFO  ExportHelperExtension.cs: 1152 - Found 0 features of type [CoordSys] in 儲存區柱子-3
2023-04-12 13:55:14,929 INFO  ExportHelperExtension.cs: 1131 - Retrieving features of type [CoordSys] from 儲存區板-2
2023-04-12 13:55:14,929 INFO  ExportHelperExtension.cs: 1142 - Found 25 in 儲存區板-2
2023-04-12 13:55:14,930 INFO  ExportHelperExtension.cs: 1152 - Found 0 features of type [CoordSys] in 儲存區板-2
2023-04-12 13:55:14,930 INFO  ExportHelperExtension.cs: 1131 - Retrieving features of type [CoordSys] from 儲存區板-3
2023-04-12 13:55:14,930 INFO  ExportHelperExtension.cs: 1142 - Found 25 in 儲存區板-3
2023-04-12 13:55:14,931 INFO  ExportHelperExtension.cs: 1152 - Found 0 features of type [CoordSys] in 儲存區板-3
2023-04-12 13:55:14,931 INFO  ExportHelperExtension.cs: 1131 - Retrieving features of type [CoordSys] from 儲存區柱子-4
2023-04-12 13:55:14,932 INFO  ExportHelperExtension.cs: 1142 - Found 25 in 儲存區柱子-4
2023-04-12 13:55:14,932 INFO  ExportHelperExtension.cs: 1152 - Found 0 features of type [CoordSys] in 儲存區柱子-4
2023-04-12 13:55:14,932 INFO  ExportHelperExtension.cs: 1131 - Retrieving features of type [CoordSys] from 儲存區板-4
2023-04-12 13:55:14,933 INFO  ExportHelperExtension.cs: 1142 - Found 25 in 儲存區板-4
2023-04-12 13:55:14,933 INFO  ExportHelperExtension.cs: 1152 - Found 0 features of type [CoordSys] in 儲存區板-4
2023-04-12 13:55:14,933 INFO  ExportHelperExtension.cs: 1131 - Retrieving features of type [CoordSys] from 儲存區柱子-2
2023-04-12 13:55:14,934 INFO  ExportHelperExtension.cs: 1142 - Found 25 in 儲存區柱子-2
2023-04-12 13:55:14,934 INFO  ExportHelperExtension.cs: 1152 - Found 0 features of type [CoordSys] in 儲存區柱子-2
2023-04-12 13:55:14,934 INFO  ExportHelperExtension.cs: 1131 - Retrieving features of type [RefAxis] from save_area.SLDASM
2023-04-12 13:55:14,935 INFO  ExportHelperExtension.cs: 1142 - Found 33 in save_area.SLDASM
2023-04-12 13:55:14,935 INFO  ExportHelperExtension.cs: 1152 - Found 0 features of type [RefAxis] in save_area.SLDASM
2023-04-12 13:55:14,936 INFO  ExportHelperExtension.cs: 1155 - Proceeding through assembly components
2023-04-12 13:55:14,937 INFO  ExportHelperExtension.cs: 1167 - 8 components to check
2023-04-12 13:55:14,937 INFO  ExportHelperExtension.cs: 1131 - Retrieving features of type [RefAxis] from 儲存區柱子-1
2023-04-12 13:55:14,938 INFO  ExportHelperExtension.cs: 1142 - Found 25 in 儲存區柱子-1
2023-04-12 13:55:14,938 INFO  ExportHelperExtension.cs: 1152 - Found 0 features of type [RefAxis] in 儲存區柱子-1
2023-04-12 13:55:14,938 INFO  ExportHelperExtension.cs: 1131 - Retrieving features of type [RefAxis] from 儲存區板-1
2023-04-12 13:55:14,939 INFO  ExportHelperExtension.cs: 1142 - Found 25 in 儲存區板-1
2023-04-12 13:55:14,939 INFO  ExportHelperExtension.cs: 1152 - Found 0 features of type [RefAxis] in 儲存區板-1
2023-04-12 13:55:14,939 INFO  ExportHelperExtension.cs: 1131 - Retrieving features of type [RefAxis] from 儲存區柱子-3
2023-04-12 13:55:14,940 INFO  ExportHelperExtension.cs: 1142 - Found 25 in 儲存區柱子-3
2023-04-12 13:55:14,940 INFO  ExportHelperExtension.cs: 1152 - Found 0 features of type [RefAxis] in 儲存區柱子-3
2023-04-12 13:55:14,941 INFO  ExportHelperExtension.cs: 1131 - Retrieving features of type [RefAxis] from 儲存區板-2
2023-04-12 13:55:14,941 INFO  ExportHelperExtension.cs: 1142 - Found 25 in 儲存區板-2
2023-04-12 13:55:14,941 INFO  ExportHelperExtension.cs: 1152 - Found 0 features of type [RefAxis] in 儲存區板-2
2023-04-12 13:55:14,942 INFO  ExportHelperExtension.cs: 1131 - Retrieving features of type [RefAxis] from 儲存區板-3
2023-04-12 13:55:14,942 INFO  ExportHelperExtension.cs: 1142 - Found 25 in 儲存區板-3
2023-04-12 13:55:14,942 INFO  ExportHelperExtension.cs: 1152 - Found 0 features of type [RefAxis] in 儲存區板-3
2023-04-12 13:55:14,943 INFO  ExportHelperExtension.cs: 1131 - Retrieving features of type [RefAxis] from 儲存區柱子-4
2023-04-12 13:55:14,943 INFO  ExportHelperExtension.cs: 1142 - Found 25 in 儲存區柱子-4
2023-04-12 13:55:14,943 INFO  ExportHelperExtension.cs: 1152 - Found 0 features of type [RefAxis] in 儲存區柱子-4
2023-04-12 13:55:14,944 INFO  ExportHelperExtension.cs: 1131 - Retrieving features of type [RefAxis] from 儲存區板-4
2023-04-12 13:55:14,944 INFO  ExportHelperExtension.cs: 1142 - Found 25 in 儲存區板-4
2023-04-12 13:55:14,944 INFO  ExportHelperExtension.cs: 1152 - Found 0 features of type [RefAxis] in 儲存區板-4
2023-04-12 13:55:14,945 INFO  ExportHelperExtension.cs: 1131 - Retrieving features of type [RefAxis] from 儲存區柱子-2
2023-04-12 13:55:14,945 INFO  ExportHelperExtension.cs: 1142 - Found 25 in 儲存區柱子-2
2023-04-12 13:55:14,945 INFO  ExportHelperExtension.cs: 1152 - Found 0 features of type [RefAxis] in 儲存區柱子-2
2023-04-12 13:55:15,086 INFO  SwAddin.cs: 316 - Loading config tree
2023-04-12 13:55:15,087 INFO  ExportPropertyManagerExtension.cs: 597 - Starting new configuration
2023-04-12 13:55:15,089 INFO  SwAddin.cs: 321 - Showing property manager
2023-04-12 13:55:20,123 INFO  ExportPropertyManager.cs: 1060 - OnComboboxSelectionChanged called. This method no longer throws an Exception. It just silently does nothing. Ok, except for this logging message
2023-04-12 13:55:21,373 INFO  ExportPropertyManager.cs: 456 - Configuration saved
2023-04-12 13:55:21,585 INFO  ExportHelperExtension.cs: 1131 - Retrieving features of type [CoordSys] from save_area.SLDASM
2023-04-12 13:55:21,585 INFO  ExportHelperExtension.cs: 1142 - Found 34 in save_area.SLDASM
2023-04-12 13:55:21,586 INFO  ExportHelperExtension.cs: 1152 - Found 1 features of type [CoordSys] in save_area.SLDASM
2023-04-12 13:55:21,586 INFO  ExportHelperExtension.cs: 1155 - Proceeding through assembly components
2023-04-12 13:55:21,587 INFO  ExportHelperExtension.cs: 1167 - 8 components to check
2023-04-12 13:55:21,587 INFO  ExportHelperExtension.cs: 1131 - Retrieving features of type [CoordSys] from 儲存區柱子-1
2023-04-12 13:55:21,588 INFO  ExportHelperExtension.cs: 1142 - Found 25 in 儲存區柱子-1
2023-04-12 13:55:21,588 INFO  ExportHelperExtension.cs: 1152 - Found 0 features of type [CoordSys] in 儲存區柱子-1
2023-04-12 13:55:21,588 INFO  ExportHelperExtension.cs: 1131 - Retrieving features of type [CoordSys] from 儲存區板-1
2023-04-12 13:55:21,589 INFO  ExportHelperExtension.cs: 1142 - Found 25 in 儲存區板-1
2023-04-12 13:55:21,589 INFO  ExportHelperExtension.cs: 1152 - Found 0 features of type [CoordSys] in 儲存區板-1
2023-04-12 13:55:21,589 INFO  ExportHelperExtension.cs: 1131 - Retrieving features of type [CoordSys] from 儲存區柱子-3
2023-04-12 13:55:21,590 INFO  ExportHelperExtension.cs: 1142 - Found 25 in 儲存區柱子-3
2023-04-12 13:55:21,590 INFO  ExportHelperExtension.cs: 1152 - Found 0 features of type [CoordSys] in 儲存區柱子-3
2023-04-12 13:55:21,590 INFO  ExportHelperExtension.cs: 1131 - Retrieving features of type [CoordSys] from 儲存區板-2
2023-04-12 13:55:21,591 INFO  ExportHelperExtension.cs: 1142 - Found 25 in 儲存區板-2
2023-04-12 13:55:21,591 INFO  ExportHelperExtension.cs: 1152 - Found 0 features of type [CoordSys] in 儲存區板-2
2023-04-12 13:55:21,591 INFO  ExportHelperExtension.cs: 1131 - Retrieving features of type [CoordSys] from 儲存區板-3
2023-04-12 13:55:21,592 INFO  ExportHelperExtension.cs: 1142 - Found 25 in 儲存區板-3
2023-04-12 13:55:21,592 INFO  ExportHelperExtension.cs: 1152 - Found 0 features of type [CoordSys] in 儲存區板-3
2023-04-12 13:55:21,593 INFO  ExportHelperExtension.cs: 1131 - Retrieving features of type [CoordSys] from 儲存區柱子-4
2023-04-12 13:55:21,593 INFO  ExportHelperExtension.cs: 1142 - Found 25 in 儲存區柱子-4
2023-04-12 13:55:21,593 INFO  ExportHelperExtension.cs: 1152 - Found 0 features of type [CoordSys] in 儲存區柱子-4
2023-04-12 13:55:21,594 INFO  ExportHelperExtension.cs: 1131 - Retrieving features of type [CoordSys] from 儲存區板-4
2023-04-12 13:55:21,594 INFO  ExportHelperExtension.cs: 1142 - Found 25 in 儲存區板-4
2023-04-12 13:55:21,594 INFO  ExportHelperExtension.cs: 1152 - Found 0 features of type [CoordSys] in 儲存區板-4
2023-04-12 13:55:21,595 INFO  ExportHelperExtension.cs: 1131 - Retrieving features of type [CoordSys] from 儲存區柱子-2
2023-04-12 13:55:21,595 INFO  ExportHelperExtension.cs: 1142 - Found 25 in 儲存區柱子-2
2023-04-12 13:55:21,598 INFO  ExportHelperExtension.cs: 1152 - Found 0 features of type [CoordSys] in 儲存區柱子-2
2023-04-12 13:55:21,599 INFO  ExportHelperExtension.cs: 1131 - Retrieving features of type [RefAxis] from save_area.SLDASM
2023-04-12 13:55:21,599 INFO  ExportHelperExtension.cs: 1142 - Found 34 in save_area.SLDASM
2023-04-12 13:55:21,600 INFO  ExportHelperExtension.cs: 1152 - Found 0 features of type [RefAxis] in save_area.SLDASM
2023-04-12 13:55:21,600 INFO  ExportHelperExtension.cs: 1155 - Proceeding through assembly components
2023-04-12 13:55:21,600 INFO  ExportHelperExtension.cs: 1167 - 8 components to check
2023-04-12 13:55:21,601 INFO  ExportHelperExtension.cs: 1131 - Retrieving features of type [RefAxis] from 儲存區柱子-1
2023-04-12 13:55:21,601 INFO  ExportHelperExtension.cs: 1142 - Found 25 in 儲存區柱子-1
2023-04-12 13:55:21,601 INFO  ExportHelperExtension.cs: 1152 - Found 0 features of type [RefAxis] in 儲存區柱子-1
2023-04-12 13:55:21,602 INFO  ExportHelperExtension.cs: 1131 - Retrieving features of type [RefAxis] from 儲存區板-1
2023-04-12 13:55:21,618 INFO  ExportHelperExtension.cs: 1142 - Found 25 in 儲存區板-1
2023-04-12 13:55:21,618 INFO  ExportHelperExtension.cs: 1152 - Found 0 features of type [RefAxis] in 儲存區板-1
2023-04-12 13:55:21,619 INFO  ExportHelperExtension.cs: 1131 - Retrieving features of type [RefAxis] from 儲存區柱子-3
2023-04-12 13:55:21,619 INFO  ExportHelperExtension.cs: 1142 - Found 25 in 儲存區柱子-3
2023-04-12 13:55:21,619 INFO  ExportHelperExtension.cs: 1152 - Found 0 features of type [RefAxis] in 儲存區柱子-3
2023-04-12 13:55:21,620 INFO  ExportHelperExtension.cs: 1131 - Retrieving features of type [RefAxis] from 儲存區板-2
2023-04-12 13:55:21,620 INFO  ExportHelperExtension.cs: 1142 - Found 25 in 儲存區板-2
2023-04-12 13:55:21,621 INFO  ExportHelperExtension.cs: 1152 - Found 0 features of type [RefAxis] in 儲存區板-2
2023-04-12 13:55:21,621 INFO  ExportHelperExtension.cs: 1131 - Retrieving features of type [RefAxis] from 儲存區板-3
2023-04-12 13:55:21,621 INFO  ExportHelperExtension.cs: 1142 - Found 25 in 儲存區板-3
2023-04-12 13:55:21,622 INFO  ExportHelperExtension.cs: 1152 - Found 0 features of type [RefAxis] in 儲存區板-3
2023-04-12 13:55:21,622 INFO  ExportHelperExtension.cs: 1131 - Retrieving features of type [RefAxis] from 儲存區柱子-4
2023-04-12 13:55:21,622 INFO  ExportHelperExtension.cs: 1142 - Found 25 in 儲存區柱子-4
2023-04-12 13:55:21,623 INFO  ExportHelperExtension.cs: 1152 - Found 0 features of type [RefAxis] in 儲存區柱子-4
2023-04-12 13:55:21,623 INFO  ExportHelperExtension.cs: 1131 - Retrieving features of type [RefAxis] from 儲存區板-4
2023-04-12 13:55:21,623 INFO  ExportHelperExtension.cs: 1142 - Found 25 in 儲存區板-4
2023-04-12 13:55:21,624 INFO  ExportHelperExtension.cs: 1152 - Found 0 features of type [RefAxis] in 儲存區板-4
2023-04-12 13:55:21,624 INFO  ExportHelperExtension.cs: 1131 - Retrieving features of type [RefAxis] from 儲存區柱子-2
2023-04-12 13:55:21,625 INFO  ExportHelperExtension.cs: 1142 - Found 25 in 儲存區柱子-2
2023-04-12 13:55:21,625 INFO  ExportHelperExtension.cs: 1152 - Found 0 features of type [RefAxis] in 儲存區柱子-2
2023-04-12 13:55:21,685 INFO  ExportPropertyManager.cs: 1184 - AfterClose called. This method no longer throws an Exception. It just silently does nothing. Ok, except for this logging message
2023-04-12 13:55:24,629 INFO  AssemblyExportForm.cs: 254 - Completing URDF export
2023-04-12 13:55:24,630 INFO  Serialization.cs: 275 - URDF Configuration found
<Link z:Id="i1" xmlns="http://schemas.datacontract.org/2004/07/SW2URDF" xmlns:i="http://www.w3.org/2001/XMLSchema-instance" xmlns:z="http://schemas.microsoft.com/2003/10/Serialization/"><Attributes><Attribute z:Id="i2"><AttributeType>name</AttributeType><IsRequired>true</IsRequired><Value i:type="a:string" xmlns:a="http://www.w3.org/2001/XMLSchema">base_link</Value></Attribute></Attributes><ChildElements><URDFElement z:Id="i3" i:type="Inertial"><Attributes/><ChildElements><URDFElement z:Id="i4" i:type="Origin"><Attributes><Attribute z:Id="i5"><AttributeType>xyz</AttributeType><IsRequired>true</IsRequired><Value i:type="a:ArrayOfdouble" xmlns:a="http://schemas.microsoft.com/2003/10/Serialization/Arrays"><a:double>0</a:double><a:double>0</a:double><a:double>0</a:double></Value></Attribute><Attribute z:Id="i6"><AttributeType>rpy</AttributeType><IsRequired>true</IsRequired><Value i:type="a:ArrayOfdouble" xmlns:a="http://schemas.microsoft.com/2003/10/Serialization/Arrays"><a:double>0</a:double><a:double>0</a:double><a:double>0</a:double></Value></Attribute></Attributes><ChildElements/><ElementName>origin</ElementName><required>false</required><RPYAttribute z:Ref="i6"/><XYZAttribute z:Ref="i5"/><isCustomized>false</isCustomized></URDFElement><URDFElement z:Id="i7" i:type="Mass"><Attributes><Attribute z:Id="i8"><AttributeType>value</AttributeType><IsRequired>true</IsRequired><Value i:type="a:double" xmlns:a="http://www.w3.org/2001/XMLSchema">0</Value></Attribute></Attributes><ChildElements/><ElementName>mass</ElementName><required>false</required><ValueAttribute z:Ref="i8"/></URDFElement><URDFElement z:Id="i9" i:type="Inertia"><Attributes><Attribute z:Id="i10"><AttributeType>ixx</AttributeType><IsRequired>true</IsRequired><Value i:type="a:double" xmlns:a="http://www.w3.org/2001/XMLSchema">0</Value></Attribute><Attribute z:Id="i11"><AttributeType>ixy</AttributeType><IsRequired>true</IsRequired><Value i:type="a:double" xmlns:a="http://www.w3.org/2001/XMLSchema">0</Value></Attribute><Attribute z:Id="i12"><AttributeType>ixz</AttributeType><IsRequired>true</IsRequired><Value i:type="a:double" xmlns:a="http://www.w3.org/2001/XMLSchema">0</Value></Attribute><Attribute z:Id="i13"><AttributeType>iyy</AttributeType><IsRequired>true</IsRequired><Value i:type="a:double" xmlns:a="http://www.w3.org/2001/XMLSchema">0</Value></Attribute><Attribute z:Id="i14"><AttributeType>iyz</AttributeType><IsRequired>true</IsRequired><Value i:type="a:double" xmlns:a="http://www.w3.org/2001/XMLSchema">0</Value></Attribute><Attribute z:Id="i15"><AttributeType>izz</AttributeType><IsRequired>true</IsRequired><Value i:type="a:double" xmlns:a="http://www.w3.org/2001/XMLSchema">0</Value></Attribute></Attributes><ChildElements/><ElementName>inertia</ElementName><required>false</required><IxxAttribute z:Ref="i10"/><IxyAttribute z:Ref="i11"/><IxzAttribute z:Ref="i12"/><IyyAttribute z:Ref="i13"/><IyzAttribute z:Ref="i14"/><IzzAttribute z:Ref="i15"/></URDFElement></ChildElements><ElementName>inertial</ElementName><required>false</required><Inertia z:Ref="i9"/><Mass z:Ref="i7"/><Origin z:Ref="i4"/></URDFElement><URDFElement z:Id="i16" i:type="Visual"><Attributes/><ChildElements><URDFElement z:Id="i17" i:type="Origin"><Attributes><Attribute z:Id="i18"><AttributeType>xyz</AttributeType><IsRequired>true</IsRequired><Value i:type="a:ArrayOfdouble" xmlns:a="http://schemas.microsoft.com/2003/10/Serialization/Arrays"><a:double>0</a:double><a:double>0</a:double><a:double>0</a:double></Value></Attribute><Attribute z:Id="i19"><AttributeType>rpy</AttributeType><IsRequired>true</IsRequired><Value i:type="a:ArrayOfdouble" xmlns:a="http://schemas.microsoft.com/2003/10/Serialization/Arrays"><a:double>0</a:double><a:double>0</a:double><a:double>0</a:double></Value></Attribute></Attributes><ChildElements/><ElementName>origin</ElementName><required>false</required><RPYAttribute z:Ref="i19"/><XYZAttribute z:Ref="i18"/><isCustomized>false</isCustomized></URDFElement><URDFElement z:Id="i20" i:type="Geometry"><Attributes/><ChildElements><URDFElement z:Id="i21" i:type="Mesh"><Attributes><Attribute z:Id="i22"><AttributeType>filename</AttributeType><IsRequired>true</IsRequired><Value i:nil="true"/></Attribute></Attributes><ChildElements/><ElementName>mesh</ElementName><required>false</required><FilenameAttribute z:Ref="i22"/></URDFElement></ChildElements><ElementName>geometry</ElementName><required>true</required><Mesh z:Ref="i21"/></URDFElement><URDFElement z:Id="i23" i:type="Material"><Attributes><Attribute z:Id="i24"><AttributeType>name</AttributeType><IsRequired>true</IsRequired><Value i:type="a:string" xmlns:a="http://www.w3.org/2001/XMLSchema"/></Attribute></Attributes><ChildElements><URDFElement z:Id="i25" i:type="Color"><Attributes><Attribute z:Id="i26"><AttributeType>rgba</AttributeType><IsRequired>true</IsRequired><Value i:type="a:ArrayOfdouble" xmlns:a="http://schemas.microsoft.com/2003/10/Serialization/Arrays"><a:double>1</a:double><a:double>1</a:double><a:double>1</a:double><a:double>1</a:double></Value></Attribute></Attributes><ChildElements/><ElementName>color</ElementName><required>false</required><RGBAAttribute z:Ref="i26"/></URDFElement><URDFElement z:Id="i27" i:type="Texture"><Attributes><Attribute z:Id="i28"><AttributeType>filename</AttributeType><IsRequired>true</IsRequired><Value i:nil="true"/></Attribute></Attributes><ChildElements/><ElementName>texture</ElementName><required>false</required><FilenameAttribute z:Ref="i28"/><wFilename/></URDFElement></ChildElements><ElementName>material</ElementName><required>false</required><Color z:Ref="i25"/><NameAttribute z:Ref="i24"/><Texture z:Ref="i27"/></URDFElement></ChildElements><ElementName>visual</ElementName><required>false</required><Geometry z:Ref="i20"/><Material z:Ref="i23"/><Origin z:Ref="i17"/></URDFElement><URDFElement z:Id="i29" i:type="Collision"><Attributes/><ChildElements><URDFElement z:Id="i30" i:type="Origin"><Attributes><Attribute z:Id="i31"><AttributeType>xyz</AttributeType><IsRequired>true</IsRequired><Value i:type="a:ArrayOfdouble" xmlns:a="http://schemas.microsoft.com/2003/10/Serialization/Arrays"><a:double>0</a:double><a:double>0</a:double><a:double>0</a:double></Value></Attribute><Attribute z:Id="i32"><AttributeType>rpy</AttributeType><IsRequired>true</IsRequired><Value i:type="a:ArrayOfdouble" xmlns:a="http://schemas.microsoft.com/2003/10/Serialization/Arrays"><a:double>0</a:double><a:double>0</a:double><a:double>0</a:double></Value></Attribute></Attributes><ChildElements/><ElementName>origin</ElementName><required>false</required><RPYAttribute z:Ref="i32"/><XYZAttribute z:Ref="i31"/><isCustomized>false</isCustomized></URDFElement><URDFElement z:Id="i33" i:type="Geometry"><Attributes/><ChildElements><URDFElement z:Id="i34" i:type="Mesh"><Attributes><Attribute z:Id="i35"><AttributeType>filename</AttributeType><IsRequired>true</IsRequired><Value i:nil="true"/></Attribute></Attributes><ChildElements/><ElementName>mesh</ElementName><required>false</required><FilenameAttribute z:Ref="i35"/></URDFElement></ChildElements><ElementName>geometry</ElementName><required>true</required><Mesh z:Ref="i34"/></URDFElement></ChildElements><ElementName>collision</ElementName><required>false</required><Geometry z:Ref="i33"/><Origin z:Ref="i30"/></URDFElement><URDFElement z:Id="i36" i:type="Joint"><Attributes><Attribute z:Id="i37"><AttributeType>name</AttributeType><IsRequired>true</IsRequired><Value i:type="a:string" xmlns:a="http://www.w3.org/2001/XMLSchema"/></Attribute><Attribute z:Id="i38"><AttributeType>type</AttributeType><IsRequired>true</IsRequired><Value i:type="a:string" xmlns:a="http://www.w3.org/2001/XMLSchema"/></Attribute></Attributes><ChildElements><URDFElement z:Id="i39" i:type="Origin"><Attributes><Attribute z:Id="i40"><AttributeType>xyz</AttributeType><IsRequired>true</IsRequired><Value i:type="a:ArrayOfdouble" xmlns:a="http://schemas.microsoft.com/2003/10/Serialization/Arrays"><a:double>0</a:double><a:double>0</a:double><a:double>0</a:double></Value></Attribute><Attribute z:Id="i41"><AttributeType>rpy</AttributeType><IsRequired>true</IsRequired><Value i:type="a:ArrayOfdouble" xmlns:a="http://schemas.microsoft.com/2003/10/Serialization/Arrays"><a:double>0</a:double><a:double>0</a:double><a:double>0</a:double></Value></Attribute></Attributes><ChildElements/><ElementName>origin</ElementName><required>false</required><RPYAttribute z:Ref="i41"/><XYZAttribute z:Ref="i40"/><isCustomized>false</isCustomized></URDFElement><URDFElement z:Id="i42" i:type="ParentLink"><Attributes><Attribute z:Id="i43"><AttributeType>link</AttributeType><IsRequired>true</IsRequired><Value i:type="a:string" xmlns:a="http://www.w3.org/2001/XMLSchema"/></Attribute></Attributes><ChildElements/><ElementName>parent</ElementName><required>true</required><NameAttribute z:Ref="i43"/></URDFElement><URDFElement z:Id="i44" i:type="ChildLink"><Attributes><Attribute z:Id="i45"><AttributeType>link</AttributeType><IsRequired>true</IsRequired><Value i:type="a:string" xmlns:a="http://www.w3.org/2001/XMLSchema"/></Attribute></Attributes><ChildElements/><ElementName>child</ElementName><required>true</required><NameAttribute z:Ref="i45"/></URDFElement><URDFElement z:Id="i46" i:type="Axis"><Attributes><Attribute z:Id="i47"><AttributeType>xyz</AttributeType><IsRequired>true</IsRequired><Value i:type="a:ArrayOfdouble" xmlns:a="http://schemas.microsoft.com/2003/10/Serialization/Arrays"><a:double>0</a:double><a:double>0</a:double><a:double>0</a:double></Value></Attribute></Attributes><ChildElements/><ElementName>axis</ElementName><required>false</required><XYZAttribute z:Ref="i47"/></URDFElement><URDFElement z:Id="i48" i:type="Limit"><Attributes><Attribute z:Id="i49"><AttributeType>lower</AttributeType><IsRequired>false</IsRequired><Value i:nil="true"/></Attribute><Attribute z:Id="i50"><AttributeType>upper</AttributeType><IsRequired>false</IsRequired><Value i:nil="true"/></Attribute><Attribute z:Id="i51"><AttributeType>effort</AttributeType><IsRequired>true</IsRequired><Value i:nil="true"/></Attribute><Attribute z:Id="i52"><AttributeType>velocity</AttributeType><IsRequired>true</IsRequired><Value i:nil="true"/></Attribute></Attributes><ChildElements/><ElementName>limit</ElementName><required>false</required><EffortAttribute z:Ref="i51"/><LowerAttribute z:Ref="i49"/><UpperAttribute z:Ref="i50"/><VelocityAttribute z:Ref="i52"/></URDFElement><URDFElement z:Id="i53" i:type="Calibration"><Attributes><Attribute z:Id="i54"><AttributeType>rising</AttributeType><IsRequired>false</IsRequired><Value i:nil="true"/></Attribute><Attribute z:Id="i55"><AttributeType>falling</AttributeType><IsRequired>false</IsRequired><Value i:nil="true"/></Attribute></Attributes><ChildElements/><ElementName>calibration</ElementName><required>false</required><FallingAttribute z:Ref="i55"/><RisingAttribute z:Ref="i54"/></URDFElement><URDFElement z:Id="i56" i:type="Dynamics"><Attributes><Attribute z:Id="i57"><AttributeType>damping</AttributeType><IsRequired>false</IsRequired><Value i:nil="true"/></Attribute><Attribute z:Id="i58"><AttributeType>friction</AttributeType><IsRequired>false</IsRequired><Value i:nil="true"/></Attribute></Attributes><ChildElements/><ElementName>dynamics</ElementName><required>false</required><DampingAttribute z:Ref="i57"/><FrictionAttribute z:Ref="i58"/></URDFElement><URDFElement z:Id="i59" i:type="SafetyController"><Attributes><Attribute z:Id="i60"><AttributeType>soft_upper</AttributeType><IsRequired>false</IsRequired><Value i:nil="true"/></Attribute><Attribute z:Id="i61"><AttributeType>soft_lower</AttributeType><IsRequired>false</IsRequired><Value i:nil="true"/></Attribute><Attribute z:Id="i62"><AttributeType>k_position</AttributeType><IsRequired>false</IsRequired><Value i:nil="true"/></Attribute><Attribute z:Id="i63"><AttributeType>k_velocity</AttributeType><IsRequired>true</IsRequired><Value i:nil="true"/></Attribute></Attributes><ChildElements/><ElementName>safety_controller</ElementName><required>false</required><KPositionAttribute z:Ref="i62"/><KVelocityAttribute z:Ref="i63"/><SoftLowerAttribute z:Ref="i61"/><SoftUpperAttribute z:Ref="i60"/></URDFElement><URDFElement z:Id="i64" i:type="Mimic"><Attributes><Attribute z:Id="i65"><AttributeType>joint</AttributeType><IsRequired>true</IsRequired><Value i:nil="true"/></Attribute><Attribute z:Id="i66"><AttributeType>multiplier</AttributeType><IsRequired>false</IsRequired><Value i:nil="true"/></Attribute><Attribute z:Id="i67"><AttributeType>offset</AttributeType><IsRequired>false</IsRequired><Value i:nil="true"/></Attribute></Attributes><ChildElements/><ElementName>mimic</ElementName><required>false</required><JointNameAttribute z:Ref="i65"/><MultiplierAttribute z:Ref="i66"/><OffsetAttribute z:Ref="i67"/></URDFElement></ChildElements><ElementName>joint</ElementName><required>false</required><Axis z:Ref="i46"/><AxisName/><Calibration z:Ref="i53"/><Child z:Ref="i44"/><CoordinateSystemName>????????????1</CoordinateSystemName><Dynamics z:Ref="i56"/><Limit z:Ref="i48"/><Mimic z:Ref="i64"/><NameAttribute z:Ref="i37"/><Origin z:Ref="i39"/><Parent z:Ref="i42"/><Safety z:Ref="i59"/><TypeAttribute z:Ref="i38"/></URDFElement></ChildElements><ElementName>link</ElementName><required>true</required><Children/><Collision z:Ref="i29"/><Inertial z:Ref="i3"/><Joint z:Ref="i36"/><NameAttribute z:Ref="i2"/><Parent i:nil="true"/><STLQualityFine>false</STLQualityFine><SWComponentPIDs xmlns:a="http://schemas.microsoft.com/2003/10/Serialization/Arrays"><a:base64Binary>4C4AAAUAAAD//v8RMlFYW0BT8WdQWy0AMgBAAHMAYQB2AGUAXwBhAHIAZQBhAAQAAAAQAAAAAQAAAAEAAAAZAAAA</a:base64Binary><a:base64Binary>4C4AAAUAAAD//v8QMlFYW0BTf2ctADQAQABzAGEAdgBlAF8AYQByAGUAYQAEAAAAEAAAAAEAAAABAAAATAAAAA==</a:base64Binary><a:base64Binary>4C4AAAUAAAD//v8RMlFYW0BT8WdQWy0ANABAAHMAYQB2AGUAXwBhAHIAZQBhAAQAAAAQAAAAAQAAAAEAAABGAAAA</a:base64Binary><a:base64Binary>4C4AAAUAAAD//v8QMlFYW0BTf2ctADMAQABzAGEAdgBlAF8AYQByAGUAYQAEAAAAEAAAAAEAAAABAAAASwAAAA==</a:base64Binary><a:base64Binary>4C4AAAUAAAD//v8QMlFYW0BTf2ctADIAQABzAGEAdgBlAF8AYQByAGUAYQAEAAAAEAAAAAEAAAABAAAASgAAAA==</a:base64Binary><a:base64Binary>4C4AAAUAAAD//v8RMlFYW0BT8WdQWy0AMwBAAHMAYQB2AGUAXwBhAHIAZQBhAAQAAAAQAAAAAQAAAAEAAABFAAAA</a:base64Binary><a:base64Binary>4C4AAAUAAAD//v8QMlFYW0BTf2ctADEAQABzAGEAdgBlAF8AYQByAGUAYQAEAAAAEAAAAAEAAAABAAAAPAAAAA==</a:base64Binary><a:base64Binary>4C4AAAUAAAD//v8RMlFYW0BT8WdQWy0AMQBAAHMAYQB2AGUAXwBhAHIAZQBhAAQAAAAQAAAAAQAAAAEAAAAYAAAA</a:base64Binary></SWComponentPIDs><SWMainComponentPID i:nil="true"/><Visual z:Ref="i16"/><isFixedFrame>false</isFixedFrame><isIncomplete>false</isIncomplete></Link>
2023-04-12 13:55:35,377 INFO  AssemblyExportForm.cs: 308 - Saving URDF package to C:\model\save_area
2023-04-12 13:55:35,378 INFO  ExportHelper.cs: 147 - Beginning the export process
2023-04-12 13:55:35,381 INFO  ExportHelper.cs: 153 - Creating package directories with name save_area and save path C:\model
2023-04-12 13:55:37,237 INFO  ExportHelper.cs: 162 - Creating CMakeLists.txt at C:\model\save_area\CMakeLists.txt
2023-04-12 13:55:37,238 INFO  ExportHelper.cs: 166 - Creating joint names config at C:\model\save_area\config\joint_names_save_area.yaml
2023-04-12 13:55:37,239 INFO  ExportHelper.cs: 170 - Creating package.xml at C:\model\save_area\package.xml
2023-04-12 13:55:37,239 INFO  PackageXMLWriter.cs: 21 - Creating package.xml at C:\model\save_area\package.xml
2023-04-12 13:55:37,240 INFO  ExportHelper.cs: 177 - Creating RVIZ launch file in C:\model\save_area\launch\
2023-04-12 13:55:37,240 INFO  ExportHelper.cs: 182 - Creating Gazebo launch file in C:\model\save_area\launch\
2023-04-12 13:55:37,241 INFO  ExportHelper.cs: 187 - Saving existing STL preferences
2023-04-12 13:55:37,241 INFO  ExportHelper.cs: 451 - Saving users preferences
2023-04-12 13:55:37,242 INFO  ExportHelper.cs: 190 - Modifying STL preferences
2023-04-12 13:55:37,242 INFO  ExportHelper.cs: 465 - Setting STL preferences
2023-04-12 13:55:37,243 INFO  ExportHelper.cs: 196 - Found 0 hidden components 
2023-04-12 13:55:37,243 INFO  ExportHelper.cs: 197 - Hiding all components
2023-04-12 13:55:37,351 INFO  ExportHelper.cs: 204 - Beginning individual files export
2023-04-12 13:55:37,356 INFO  ExportHelper.cs: 270 - Exporting link: base_link
2023-04-12 13:55:37,357 INFO  ExportHelper.cs: 272 - Link base_link has 0 children
2023-04-12 13:55:37,357 INFO  ExportHelper.cs: 318 - base_link: Exporting STL with coordinate frame 座標系統1
2023-04-12 13:55:37,357 INFO  ExportHelper.cs: 323 - base_link: Reference geometry name 
2023-04-12 13:55:37,446 INFO  ExportHelper.cs: 331 - Saving STL to C:\model\save_area\meshes\base_link.STL
2023-04-12 13:55:37,570 INFO  ExportHelper.cs: 406 - Removing SW header in STL file
2023-04-12 13:55:37,571 INFO  ExportHelper.cs: 145 - Showing all components except previously hidden components
2023-04-12 13:55:37,655 INFO  ExportHelper.cs: 145 - Resetting STL preferences
2023-04-12 13:55:37,656 INFO  ExportHelper.cs: 479 - Returning STL preferences to user preferences
2023-04-12 13:55:37,656 INFO  ExportHelper.cs: 228 - Writing URDF file to C:\model\save_area\urdf\save_area.urdf
2023-04-12 13:55:37,657 INFO  CSVImportExport.cs: 32 - Writing CSV file C:\model\save_area\urdf\save_area.csv
2023-04-12 13:55:37,658 ERROR CSVImportExport.cs: 132 - The following columns were not written to the CSV: Link.Joint.ChildLink.link,
2023-04-12 13:55:37,658 INFO  ExportHelper.cs: 234 - Copying log file
2023-04-12 13:55:37,659 INFO  ExportHelper.cs: 440 - Copying C:\Users\jim\sw2urdf_logs\sw2urdf.log to C:\model\save_area\export.log
